0 info it worked if it ends with ok
1 verbose cli [ 'C:\\Program Files\\nodejs\\node.exe',
1 verbose cli   'C:\\Users\\praka\\AppData\\Roaming\\npm\\node_modules\\npm\\bin\\npm-cli.js',
1 verbose cli   'install' ]
2 info using npm@3.5.0
3 info using node@v4.2.2
4 silly loadCurrentTree Starting
5 silly install loadCurrentTree
6 silly install readLocalPackageData
7 silly install normalizeTree
8 silly loadCurrentTree Finishing
9 silly loadIdealTree Starting
10 silly install loadIdealTree
11 silly cloneCurrentTree Starting
12 silly install cloneCurrentTreeToIdealTree
13 silly cloneCurrentTree Finishing
14 silly loadShrinkwrap Starting
15 silly install loadShrinkwrap
16 silly loadShrinkwrap Finishing
17 silly loadAllDepsIntoIdealTree Starting
18 silly install loadAllDepsIntoIdealTree
19 silly loadAllDepsIntoIdealTree Finishing
20 silly idealTree:prePrune twitter-stream-globe@0.0.1
20 silly idealTree:prePrune ├── agentkeepalive@0.2.4
20 silly idealTree:prePrune ├─┬ body-parser@1.0.2
20 silly idealTree:prePrune │ ├── qs@0.6.6
20 silly idealTree:prePrune │ ├─┬ raw-body@1.1.7
20 silly idealTree:prePrune │ │ ├── bytes@1.0.0
20 silly idealTree:prePrune │ │ └── string_decoder@0.10.31
20 silly idealTree:prePrune │ └─┬ type-is@1.1.0
20 silly idealTree:prePrune │   └── mime@1.2.11
20 silly idealTree:prePrune ├─┬ cookie-parser@1.0.1
20 silly idealTree:prePrune │ ├── cookie-signature@1.0.3
20 silly idealTree:prePrune │ └── cookie@0.1.0
20 silly idealTree:prePrune ├── debug@0.7.4
20 silly idealTree:prePrune ├── desktop.ini
20 silly idealTree:prePrune ├── ejs@0.8.8
20 silly idealTree:prePrune ├─┬ express@4.2.0
20 silly idealTree:prePrune │ ├─┬ accepts@1.0.1
20 silly idealTree:prePrune │ │ ├── mime@1.2.11
20 silly idealTree:prePrune │ │ └── negotiator@0.4.9
20 silly idealTree:prePrune │ ├── buffer-crc32@0.2.1
20 silly idealTree:prePrune │ ├── cookie-signature@1.0.3
20 silly idealTree:prePrune │ ├── cookie@0.1.2
20 silly idealTree:prePrune │ ├── debug@0.8.1
20 silly idealTree:prePrune │ ├── escape-html@1.0.1
20 silly idealTree:prePrune │ ├── fresh@0.2.2
20 silly idealTree:prePrune │ ├── merge-descriptors@0.0.2
20 silly idealTree:prePrune │ ├── methods@1.0.0
20 silly idealTree:prePrune │ ├── parseurl@1.0.1
20 silly idealTree:prePrune │ ├── path-to-regexp@0.1.2
20 silly idealTree:prePrune │ ├── qs@0.6.6
20 silly idealTree:prePrune │ ├── range-parser@1.0.0
20 silly idealTree:prePrune │ ├─┬ send@0.3.0
20 silly idealTree:prePrune │ │ ├── debug@0.8.0
20 silly idealTree:prePrune │ │ └── mime@1.2.11
20 silly idealTree:prePrune │ ├── serve-static@1.1.0
20 silly idealTree:prePrune │ ├─┬ type-is@1.1.0
20 silly idealTree:prePrune │ │ └── mime@1.2.11
20 silly idealTree:prePrune │ └── utils-merge@1.0.0
20 silly idealTree:prePrune ├── moment@2.10.6
20 silly idealTree:prePrune ├─┬ morgan@1.0.1
20 silly idealTree:prePrune │ └── bytes@0.3.0
20 silly idealTree:prePrune ├─┬ nconf@0.6.9
20 silly idealTree:prePrune │ ├── async@0.2.9
20 silly idealTree:prePrune │ ├── ini@1.3.4
20 silly idealTree:prePrune │ └─┬ optimist@0.6.0
20 silly idealTree:prePrune │   ├── minimist@0.0.10
20 silly idealTree:prePrune │   └── wordwrap@0.0.3
20 silly idealTree:prePrune ├── node-compass@0.2.3
20 silly idealTree:prePrune ├── pubnub@3.7.18
20 silly idealTree:prePrune ├─┬ sentiment@1.0.2
20 silly idealTree:prePrune │ └── extend-object@1.0.0
20 silly idealTree:prePrune ├─┬ serve-favicon@2.3.0
20 silly idealTree:prePrune │ ├── etag@1.7.0
20 silly idealTree:prePrune │ ├── fresh@0.3.0
20 silly idealTree:prePrune │ ├── ms@0.7.1
20 silly idealTree:prePrune │ └── parseurl@1.3.0
20 silly idealTree:prePrune └─┬ twit@1.1.20
20 silly idealTree:prePrune   └── oauth@0.9.9
21 silly loadIdealTree Finishing
22 silly currentTree twitter-stream-globe@0.0.1
22 silly currentTree ├── agentkeepalive@0.2.4
22 silly currentTree ├─┬ body-parser@1.0.2
22 silly currentTree │ ├── qs@0.6.6
22 silly currentTree │ ├─┬ raw-body@1.1.7
22 silly currentTree │ │ ├── bytes@1.0.0
22 silly currentTree │ │ └── string_decoder@0.10.31
22 silly currentTree │ └─┬ type-is@1.1.0
22 silly currentTree │   └── mime@1.2.11
22 silly currentTree ├─┬ cookie-parser@1.0.1
22 silly currentTree │ ├── cookie-signature@1.0.3
22 silly currentTree │ └── cookie@0.1.0
22 silly currentTree ├── debug@0.7.4
22 silly currentTree ├── desktop.ini
22 silly currentTree ├── ejs@0.8.8
22 silly currentTree ├─┬ express@4.2.0
22 silly currentTree │ ├─┬ accepts@1.0.1
22 silly currentTree │ │ ├── mime@1.2.11
22 silly currentTree │ │ └── negotiator@0.4.9
22 silly currentTree │ ├── buffer-crc32@0.2.1
22 silly currentTree │ ├── cookie-signature@1.0.3
22 silly currentTree │ ├── cookie@0.1.2
22 silly currentTree │ ├── debug@0.8.1
22 silly currentTree │ ├── escape-html@1.0.1
22 silly currentTree │ ├── fresh@0.2.2
22 silly currentTree │ ├── merge-descriptors@0.0.2
22 silly currentTree │ ├── methods@1.0.0
22 silly currentTree │ ├── parseurl@1.0.1
22 silly currentTree │ ├── path-to-regexp@0.1.2
22 silly currentTree │ ├── qs@0.6.6
22 silly currentTree │ ├── range-parser@1.0.0
22 silly currentTree │ ├─┬ send@0.3.0
22 silly currentTree │ │ ├── debug@0.8.0
22 silly currentTree │ │ └── mime@1.2.11
22 silly currentTree │ ├── serve-static@1.1.0
22 silly currentTree │ ├─┬ type-is@1.1.0
22 silly currentTree │ │ └── mime@1.2.11
22 silly currentTree │ └── utils-merge@1.0.0
22 silly currentTree ├── moment@2.10.6
22 silly currentTree ├─┬ morgan@1.0.1
22 silly currentTree │ └── bytes@0.3.0
22 silly currentTree ├─┬ nconf@0.6.9
22 silly currentTree │ ├── async@0.2.9
22 silly currentTree │ ├── ini@1.3.4
22 silly currentTree │ └─┬ optimist@0.6.0
22 silly currentTree │   ├── minimist@0.0.10
22 silly currentTree │   └── wordwrap@0.0.3
22 silly currentTree ├── node-compass@0.2.3
22 silly currentTree ├── pubnub@3.7.18
22 silly currentTree ├─┬ sentiment@1.0.2
22 silly currentTree │ └── extend-object@1.0.0
22 silly currentTree ├─┬ serve-favicon@2.3.0
22 silly currentTree │ ├── etag@1.7.0
22 silly currentTree │ ├── fresh@0.3.0
22 silly currentTree │ ├── ms@0.7.1
22 silly currentTree │ └── parseurl@1.3.0
22 silly currentTree └─┬ twit@1.1.20
22 silly currentTree   └── oauth@0.9.9
23 silly idealTree twitter-stream-globe@0.0.1
23 silly idealTree ├── agentkeepalive@0.2.4
23 silly idealTree ├─┬ body-parser@1.0.2
23 silly idealTree │ ├── qs@0.6.6
23 silly idealTree │ ├─┬ raw-body@1.1.7
23 silly idealTree │ │ ├── bytes@1.0.0
23 silly idealTree │ │ └── string_decoder@0.10.31
23 silly idealTree │ └─┬ type-is@1.1.0
23 silly idealTree │   └── mime@1.2.11
23 silly idealTree ├─┬ cookie-parser@1.0.1
23 silly idealTree │ ├── cookie-signature@1.0.3
23 silly idealTree │ └── cookie@0.1.0
23 silly idealTree ├── debug@0.7.4
23 silly idealTree ├── desktop.ini
23 silly idealTree ├── ejs@0.8.8
23 silly idealTree ├─┬ express@4.2.0
23 silly idealTree │ ├─┬ accepts@1.0.1
23 silly idealTree │ │ ├── mime@1.2.11
23 silly idealTree │ │ └── negotiator@0.4.9
23 silly idealTree │ ├── buffer-crc32@0.2.1
23 silly idealTree │ ├── cookie-signature@1.0.3
23 silly idealTree │ ├── cookie@0.1.2
23 silly idealTree │ ├── debug@0.8.1
23 silly idealTree │ ├── escape-html@1.0.1
23 silly idealTree │ ├── fresh@0.2.2
23 silly idealTree │ ├── merge-descriptors@0.0.2
23 silly idealTree │ ├── methods@1.0.0
23 silly idealTree │ ├── parseurl@1.0.1
23 silly idealTree │ ├── path-to-regexp@0.1.2
23 silly idealTree │ ├── qs@0.6.6
23 silly idealTree │ ├── range-parser@1.0.0
23 silly idealTree │ ├─┬ send@0.3.0
23 silly idealTree │ │ ├── debug@0.8.0
23 silly idealTree │ │ └── mime@1.2.11
23 silly idealTree │ ├── serve-static@1.1.0
23 silly idealTree │ ├─┬ type-is@1.1.0
23 silly idealTree │ │ └── mime@1.2.11
23 silly idealTree │ └── utils-merge@1.0.0
23 silly idealTree ├── moment@2.10.6
23 silly idealTree ├─┬ morgan@1.0.1
23 silly idealTree │ └── bytes@0.3.0
23 silly idealTree ├─┬ nconf@0.6.9
23 silly idealTree │ ├── async@0.2.9
23 silly idealTree │ ├── ini@1.3.4
23 silly idealTree │ └─┬ optimist@0.6.0
23 silly idealTree │   ├── minimist@0.0.10
23 silly idealTree │   └── wordwrap@0.0.3
23 silly idealTree ├── node-compass@0.2.3
23 silly idealTree ├── pubnub@3.7.18
23 silly idealTree ├─┬ sentiment@1.0.2
23 silly idealTree │ └── extend-object@1.0.0
23 silly idealTree ├─┬ serve-favicon@2.3.0
23 silly idealTree │ ├── etag@1.7.0
23 silly idealTree │ ├── fresh@0.3.0
23 silly idealTree │ ├── ms@0.7.1
23 silly idealTree │ └── parseurl@1.3.0
23 silly idealTree └─┬ twit@1.1.20
23 silly idealTree   └── oauth@0.9.9
24 silly generateActionsToTake Starting
25 silly install generateActionsToTake
26 silly generateActionsToTake Finishing
27 silly diffTrees action count 0
28 silly decomposeActions action count 0
29 silly executeActions Starting
30 silly install executeActions
31 silly doSerial global-install 0
32 silly doParallel fetch 0
33 verbose lock using C:\Users\praka\AppData\Roaming\npm-cache\_locks\staging-f1097f552558e51e.lock for C:\Users\praka\Google Drive\CMPE\3rd Semester\239\Project\CMPE 239 - Twitter_Sentiment_Globe\node_modules\.staging
34 verbose unlock done using C:\Users\praka\AppData\Roaming\npm-cache\_locks\staging-f1097f552558e51e.lock for C:\Users\praka\Google Drive\CMPE\3rd Semester\239\Project\CMPE 239 - Twitter_Sentiment_Globe\node_modules\.staging
35 silly rollbackFailedOptional Starting
36 silly rollbackFailedOptional Finishing
37 silly runTopLevelLifecycles Starting
38 silly runTopLevelLifecycles Finishing
39 silly install printInstalled
40 warn enoent ENOENT: no such file or directory, open 'C:\Users\praka\Google Drive\CMPE\3rd Semester\239\Project\CMPE 239 - Twitter_Sentiment_Globe\node_modules\desktop.ini\package.json'
41 verbose stack Error: EPERM: operation not permitted, rmdir 'C:\Users\praka\Google Drive\CMPE\3rd Semester\239\Project\CMPE 239 - Twitter_Sentiment_Globe\node_modules\.staging'
41 verbose stack     at Error (native)
42 verbose cwd C:\Users\praka\Google Drive\CMPE\3rd Semester\239\Project\CMPE 239 - Twitter_Sentiment_Globe
43 error Windows_NT 10.0.10586
44 error argv "C:\\Program Files\\nodejs\\node.exe" "C:\\Users\\praka\\AppData\\Roaming\\npm\\node_modules\\npm\\bin\\npm-cli.js" "install"
45 error node v4.2.2
46 error npm  v3.5.0
47 error path C:\Users\praka\Google Drive\CMPE\3rd Semester\239\Project\CMPE 239 - Twitter_Sentiment_Globe\node_modules\.staging
48 error code EPERM
49 error errno -4048
50 error syscall rmdir
51 error Error: EPERM: operation not permitted, rmdir 'C:\Users\praka\Google Drive\CMPE\3rd Semester\239\Project\CMPE 239 - Twitter_Sentiment_Globe\node_modules\.staging'
51 error     at Error (native)
51 error  { [Error: EPERM: operation not permitted, rmdir 'C:\Users\praka\Google Drive\CMPE\3rd Semester\239\Project\CMPE 239 - Twitter_Sentiment_Globe\node_modules\.staging']
51 error   errno: -4048,
51 error   code: 'EPERM',
51 error   syscall: 'rmdir',
51 error   path: 'C:\\Users\\praka\\Google Drive\\CMPE\\3rd Semester\\239\\Project\\CMPE 239 - Twitter_Sentiment_Globe\\node_modules\\.staging' }
52 error Please try running this command again as root/Administrator.
53 verbose exit [ -4048, true ]
